Analysis & Synthesis report for lab02_task2
Sat Apr 16 13:27:15 2022
Quartus Prime Version 21.1.0 Build 842 10/21/2021 SJ Lite Edition


---------------------
; Table of Contents ;
---------------------
  1. Legal Notice
  2. Analysis & Synthesis Summary
  3. Analysis & Synthesis Settings
  4. Parallel Compilation
  5. Analysis & Synthesis Source Files Read
  6. Analysis & Synthesis Resource Usage Summary
  7. Analysis & Synthesis Resource Utilization by Entity
  8. State Machine - |lab02_task2|amulet_state_machine:a|current
  9. State Machine - |lab02_task2|shield_state_machine:sh|current
 10. State Machine - |lab02_task2|gold_state_machine:g|current
 11. State Machine - |lab02_task2|sword_state_machine:sw|current
 12. State Machine - |lab02_task2|room_state_machine:r|current
 13. Logic Cells Representing Combinational Loops
 14. Registers Removed During Synthesis
 15. General Register Statistics
 16. Post-Synthesis Netlist Statistics for Top Partition
 17. Elapsed Time Per Partition
 18. Analysis & Synthesis Messages
 19. Analysis & Synthesis Suppressed Messages



----------------
; Legal Notice ;
----------------
Copyright (C) 2021  Intel Corporation. All rights reserved.
Your use of Intel Corporation's design tools, logic functions 
and other software and tools, and any partner logic 
functions, and any output files from any of the foregoing 
(including device programming or simulation files), and any 
associated documentation or information are expressly subject 
to the terms and conditions of the Intel Program License 
Subscription Agreement, the Intel Quartus Prime License Agreement,
the Intel FPGA IP License Agreement, or other applicable license
agreement, including, without limitation, that your use is for
the sole purpose of programming logic devices manufactured by
Intel and sold by Intel or its authorized distributors.  Please
refer to the applicable agreement for further details, at
https://fpgasoftware.intel.com/eula.



+-------------------------------------------------------------------------------+
; Analysis & Synthesis Summary                                                  ;
+---------------------------------+---------------------------------------------+
; Analysis & Synthesis Status     ; Successful - Sat Apr 16 13:27:15 2022       ;
; Quartus Prime Version           ; 21.1.0 Build 842 10/21/2021 SJ Lite Edition ;
; Revision Name                   ; lab02_task2                                 ;
; Top-level Entity Name           ; lab02_task2                                 ;
; Family                          ; Cyclone V                                   ;
; Logic utilization (in ALMs)     ; N/A                                         ;
; Total registers                 ; 14                                          ;
; Total pins                      ; 8                                           ;
; Total virtual pins              ; 0                                           ;
; Total block memory bits         ; 0                                           ;
; Total DSP Blocks                ; 0                                           ;
; Total HSSI RX PCSs              ; 0                                           ;
; Total HSSI PMA RX Deserializers ; 0                                           ;
; Total HSSI TX PCSs              ; 0                                           ;
; Total HSSI PMA TX Serializers   ; 0                                           ;
; Total PLLs                      ; 0                                           ;
; Total DLLs                      ; 0                                           ;
+---------------------------------+---------------------------------------------+


+---------------------------------------------------------------------------------------------------------------------------+
; Analysis & Synthesis Settings                                                                                             ;
+---------------------------------------------------------------------------------+--------------------+--------------------+
; Option                                                                          ; Setting            ; Default Value      ;
+---------------------------------------------------------------------------------+--------------------+--------------------+
; Device                                                                          ; 5CEBA4F23C7        ;                    ;
; Top-level entity name                                                           ; lab02_task2        ; lab02_task2        ;
; Family name                                                                     ; Cyclone V          ; Cyclone V          ;
; Use smart compilation                                                           ; Off                ; Off                ;
; Enable parallel Assembler and Timing Analyzer during compilation                ; On                 ; On                 ;
; Enable compact report table                                                     ; Off                ; Off                ;
; Restructure Multiplexers                                                        ; Auto               ; Auto               ;
; MLAB Add Timing Constraints For Mixed-Port Feed-Through Mode Setting Don't Care ; Off                ; Off                ;
; Create Debugging Nodes for IP Cores                                             ; Off                ; Off                ;
; Preserve fewer node names                                                       ; On                 ; On                 ;
; Intel FPGA IP Evaluation Mode                                                   ; Enable             ; Enable             ;
; Verilog Version                                                                 ; Verilog_2001       ; Verilog_2001       ;
; VHDL Version                                                                    ; VHDL_1993          ; VHDL_1993          ;
; State Machine Processing                                                        ; Auto               ; Auto               ;
; Safe State Machine                                                              ; Off                ; Off                ;
; Extract Verilog State Machines                                                  ; On                 ; On                 ;
; Extract VHDL State Machines                                                     ; On                 ; On                 ;
; Ignore Verilog initial constructs                                               ; Off                ; Off                ;
; Iteration limit for constant Verilog loops                                      ; 5000               ; 5000               ;
; Iteration limit for non-constant Verilog loops                                  ; 250                ; 250                ;
; Add Pass-Through Logic to Inferred RAMs                                         ; On                 ; On                 ;
; Infer RAMs from Raw Logic                                                       ; On                 ; On                 ;
; Parallel Synthesis                                                              ; On                 ; On                 ;
; DSP Block Balancing                                                             ; Auto               ; Auto               ;
; NOT Gate Push-Back                                                              ; On                 ; On                 ;
; Power-Up Don't Care                                                             ; On                 ; On                 ;
; Remove Redundant Logic Cells                                                    ; Off                ; Off                ;
; Remove Duplicate Registers                                                      ; On                 ; On                 ;
; Ignore CARRY Buffers                                                            ; Off                ; Off                ;
; Ignore CASCADE Buffers                                                          ; Off                ; Off                ;
; Ignore GLOBAL Buffers                                                           ; Off                ; Off                ;
; Ignore ROW GLOBAL Buffers                                                       ; Off                ; Off                ;
; Ignore LCELL Buffers                                                            ; Off                ; Off                ;
; Ignore SOFT Buffers                                                             ; On                 ; On                 ;
; Limit AHDL Integers to 32 Bits                                                  ; Off                ; Off                ;
; Optimization Technique                                                          ; Balanced           ; Balanced           ;
; Carry Chain Length                                                              ; 70                 ; 70                 ;
; Auto Carry Chains                                                               ; On                 ; On                 ;
; Auto Open-Drain Pins                                                            ; On                 ; On                 ;
; Perform WYSIWYG Primitive Resynthesis                                           ; Off                ; Off                ;
; Auto ROM Replacement                                                            ; On                 ; On                 ;
; Auto RAM Replacement                                                            ; On                 ; On                 ;
; Auto DSP Block Replacement                                                      ; On                 ; On                 ;
; Auto Shift Register Replacement                                                 ; Auto               ; Auto               ;
; Allow Shift Register Merging across Hierarchies                                 ; Auto               ; Auto               ;
; Auto Clock Enable Replacement                                                   ; On                 ; On                 ;
; Strict RAM Replacement                                                          ; Off                ; Off                ;
; Allow Synchronous Control Signals                                               ; On                 ; On                 ;
; Force Use of Synchronous Clear Signals                                          ; Off                ; Off                ;
; Auto Resource Sharing                                                           ; Off                ; Off                ;
; Allow Any RAM Size For Recognition                                              ; Off                ; Off                ;
; Allow Any ROM Size For Recognition                                              ; Off                ; Off                ;
; Allow Any Shift Register Size For Recognition                                   ; Off                ; Off                ;
; Use LogicLock Constraints during Resource Balancing                             ; On                 ; On                 ;
; Ignore translate_off and synthesis_off directives                               ; Off                ; Off                ;
; Timing-Driven Synthesis                                                         ; On                 ; On                 ;
; Report Parameter Settings                                                       ; On                 ; On                 ;
; Report Source Assignments                                                       ; On                 ; On                 ;
; Report Connectivity Checks                                                      ; On                 ; On                 ;
; Ignore Maximum Fan-Out Assignments                                              ; Off                ; Off                ;
; Synchronization Register Chain Length                                           ; 3                  ; 3                  ;
; Power Optimization During Synthesis                                             ; Normal compilation ; Normal compilation ;
; HDL message level                                                               ; Level2             ; Level2             ;
; Suppress Register Optimization Related Messages                                 ; Off                ; Off                ;
; Number of Removed Registers Reported in Synthesis Report                        ; 5000               ; 5000               ;
; Number of Swept Nodes Reported in Synthesis Report                              ; 5000               ; 5000               ;
; Number of Inverted Registers Reported in Synthesis Report                       ; 100                ; 100                ;
; Clock MUX Protection                                                            ; On                 ; On                 ;
; Auto Gated Clock Conversion                                                     ; Off                ; Off                ;
; Block Design Naming                                                             ; Auto               ; Auto               ;
; SDC constraint protection                                                       ; Off                ; Off                ;
; Synthesis Effort                                                                ; Auto               ; Auto               ;
; Shift Register Replacement - Allow Asynchronous Clear Signal                    ; On                 ; On                 ;
; Pre-Mapping Resynthesis Optimization                                            ; Off                ; Off                ;
; Analysis & Synthesis Message Level                                              ; Medium             ; Medium             ;
; Disable Register Merging Across Hierarchies                                     ; Auto               ; Auto               ;
; Resource Aware Inference For Block RAM                                          ; On                 ; On                 ;
; Automatic Parallel Synthesis                                                    ; On                 ; On                 ;
; Partial Reconfiguration Bitstream ID                                            ; Off                ; Off                ;
+---------------------------------------------------------------------------------+--------------------+--------------------+


+------------------------------------------+
; Parallel Compilation                     ;
+----------------------------+-------------+
; Processors                 ; Number      ;
+----------------------------+-------------+
; Number detected on machine ; 8           ;
; Maximum allowed            ; 8           ;
;                            ;             ;
; Average used               ; 1.00        ;
; Maximum used               ; 8           ;
;                            ;             ;
; Usage by Processor         ; % Time Used ;
;     Processor 1            ; 100.0%      ;
;     Processors 2-8         ;   0.0%      ;
+----------------------------+-------------+


+---------------------------------------------------------------------------------------------------------------------------------------+
; Analysis & Synthesis Source Files Read                                                                                                ;
+----------------------------------+-----------------+------------------------------+-----------------------------------------+---------+
; File Name with User-Entered Path ; Used in Netlist ; File Type                    ; File Name with Absolute Path            ; Library ;
+----------------------------------+-----------------+------------------------------+-----------------------------------------+---------+
; lab02_task2.sv                   ; yes             ; User SystemVerilog HDL File  ; D:/ABC/ABC/lab02/task2/lab02_task2.sv   ;         ;
; room.sv                          ; yes             ; User SystemVerilog HDL File  ; D:/ABC/ABC/lab02/task2/room.sv          ;         ;
; sword.sv                         ; yes             ; User SystemVerilog HDL File  ; D:/ABC/ABC/lab02/task2/sword.sv         ;         ;
; gold.sv                          ; yes             ; User SystemVerilog HDL File  ; D:/ABC/ABC/lab02/task2/gold.sv          ;         ;
; shield.sv                        ; yes             ; User SystemVerilog HDL File  ; D:/ABC/ABC/lab02/task2/shield.sv        ;         ;
; amulet.sv                        ; yes             ; User SystemVerilog HDL File  ; D:/ABC/ABC/lab02/task2/amulet.sv        ;         ;
; rooms.sv                         ; yes             ; User SystemVerilog HDL File  ; D:/ABC/ABC/lab02/task2/rooms.sv         ;         ;
; sword_states.sv                  ; yes             ; User SystemVerilog HDL File  ; D:/ABC/ABC/lab02/task2/sword_states.sv  ;         ;
; gold_states.sv                   ; yes             ; User SystemVerilog HDL File  ; D:/ABC/ABC/lab02/task2/gold_states.sv   ;         ;
; amulet_states.sv                 ; yes             ; User SystemVerilog HDL File  ; D:/ABC/ABC/lab02/task2/amulet_states.sv ;         ;
; shield_states.sv                 ; yes             ; User SystemVerilog HDL File  ; D:/ABC/ABC/lab02/task2/shield_states.sv ;         ;
+----------------------------------+-----------------+------------------------------+-----------------------------------------+---------+


+---------------------------------------------------------+
; Analysis & Synthesis Resource Usage Summary             ;
+---------------------------------------------+-----------+
; Resource                                    ; Usage     ;
+---------------------------------------------+-----------+
; Estimate of Logic utilization (ALMs needed) ; 21        ;
;                                             ;           ;
; Combinational ALUT usage for logic          ; 31        ;
;     -- 7 input functions                    ; 0         ;
;     -- 6 input functions                    ; 10        ;
;     -- 5 input functions                    ; 9         ;
;     -- 4 input functions                    ; 7         ;
;     -- <=3 input functions                  ; 5         ;
;                                             ;           ;
; Dedicated logic registers                   ; 14        ;
;                                             ;           ;
; I/O pins                                    ; 8         ;
;                                             ;           ;
; Total DSP Blocks                            ; 0         ;
;                                             ;           ;
; Maximum fan-out node                        ; clk~input ;
; Maximum fan-out                             ; 14        ;
; Total fan-out                               ; 196       ;
; Average fan-out                             ; 3.21      ;
+---------------------------------------------+-----------+


+--------------------------------------------------------------------------------------------------------------------------------------------------------------------------------------------------------------------+
; Analysis & Synthesis Resource Utilization by Entity                                                                                                                                                                ;
+------------------------------+---------------------+---------------------------+-------------------+------------+------+--------------+--------------------------------------+----------------------+--------------+
; Compilation Hierarchy Node   ; Combinational ALUTs ; Dedicated Logic Registers ; Block Memory Bits ; DSP Blocks ; Pins ; Virtual Pins ; Full Hierarchy Name                  ; Entity Name          ; Library Name ;
+------------------------------+---------------------+---------------------------+-------------------+------------+------+--------------+--------------------------------------+----------------------+--------------+
; |lab02_task2                 ; 31 (3)              ; 14 (0)                    ; 0                 ; 0          ; 8    ; 0            ; |lab02_task2                         ; lab02_task2          ; work         ;
;    |amulet_state_machine:a|  ; 1 (1)               ; 1 (1)                     ; 0                 ; 0          ; 0    ; 0            ; |lab02_task2|amulet_state_machine:a  ; amulet_state_machine ; work         ;
;    |gold_state_machine:g|    ; 1 (1)               ; 1 (1)                     ; 0                 ; 0          ; 0    ; 0            ; |lab02_task2|gold_state_machine:g    ; gold_state_machine   ; work         ;
;    |room_state_machine:r|    ; 24 (24)             ; 10 (10)                   ; 0                 ; 0          ; 0    ; 0            ; |lab02_task2|room_state_machine:r    ; room_state_machine   ; work         ;
;    |shield_state_machine:sh| ; 1 (1)               ; 1 (1)                     ; 0                 ; 0          ; 0    ; 0            ; |lab02_task2|shield_state_machine:sh ; shield_state_machine ; work         ;
;    |sword_state_machine:sw|  ; 1 (1)               ; 1 (1)                     ; 0                 ; 0          ; 0    ; 0            ; |lab02_task2|sword_state_machine:sw  ; sword_state_machine  ; work         ;
+------------------------------+---------------------+---------------------------+-------------------+------------+------+--------------+--------------------------------------+----------------------+--------------+
Note: For table entries with two numbers listed, the numbers in parentheses indicate the number of resources of the given type used by the specific entity alone. The numbers listed outside of parentheses indicate the total resources of the given type used by the specific entity and all of its sub-entities in the hierarchy.


Encoding Type:  One-Hot
+-------------------------------------------------------------+
; State Machine - |lab02_task2|amulet_state_machine:a|current ;
+------------+------------------------------------------------+
; Name       ; current.A1                                     ;
+------------+------------------------------------------------+
; current.A0 ; 0                                              ;
; current.A1 ; 1                                              ;
+------------+------------------------------------------------+


Encoding Type:  One-Hot
+--------------------------------------------------------------+
; State Machine - |lab02_task2|shield_state_machine:sh|current ;
+-------------+------------------------------------------------+
; Name        ; current.SH1                                    ;
+-------------+------------------------------------------------+
; current.SH0 ; 0                                              ;
; current.SH1 ; 1                                              ;
+-------------+------------------------------------------------+


Encoding Type:  One-Hot
+-----------------------------------------------------------+
; State Machine - |lab02_task2|gold_state_machine:g|current ;
+------------+----------------------------------------------+
; Name       ; current.G1                                   ;
+------------+----------------------------------------------+
; current.G0 ; 0                                            ;
; current.G1 ; 1                                            ;
+------------+----------------------------------------------+


Encoding Type:  One-Hot
+-------------------------------------------------------------+
; State Machine - |lab02_task2|sword_state_machine:sw|current ;
+-------------+-----------------------------------------------+
; Name        ; current.SW1                                   ;
+-------------+-----------------------------------------------+
; current.SW0 ; 0                                             ;
; current.SW1 ; 1                                             ;
+-------------+-----------------------------------------------+


Encoding Type:  One-Hot
+------------------------------------------------------------------------------------------------------------------------------------------------+
; State Machine - |lab02_task2|room_state_machine:r|current                                                                                      ;
+-------------+-------------+------------+------------+------------+------------+------------+------------+------------+------------+------------+
; Name        ; current.R10 ; current.R9 ; current.R8 ; current.R7 ; current.R6 ; current.R5 ; current.R4 ; current.R3 ; current.R2 ; current.R1 ;
+-------------+-------------+------------+------------+------------+------------+------------+------------+------------+------------+------------+
; current.R1  ; 0           ; 0          ; 0          ; 0          ; 0          ; 0          ; 0          ; 0          ; 0          ; 0          ;
; current.R2  ; 0           ; 0          ; 0          ; 0          ; 0          ; 0          ; 0          ; 0          ; 1          ; 1          ;
; current.R3  ; 0           ; 0          ; 0          ; 0          ; 0          ; 0          ; 0          ; 1          ; 0          ; 1          ;
; current.R4  ; 0           ; 0          ; 0          ; 0          ; 0          ; 0          ; 1          ; 0          ; 0          ; 1          ;
; current.R5  ; 0           ; 0          ; 0          ; 0          ; 0          ; 1          ; 0          ; 0          ; 0          ; 1          ;
; current.R6  ; 0           ; 0          ; 0          ; 0          ; 1          ; 0          ; 0          ; 0          ; 0          ; 1          ;
; current.R7  ; 0           ; 0          ; 0          ; 1          ; 0          ; 0          ; 0          ; 0          ; 0          ; 1          ;
; current.R8  ; 0           ; 0          ; 1          ; 0          ; 0          ; 0          ; 0          ; 0          ; 0          ; 1          ;
; current.R9  ; 0           ; 1          ; 0          ; 0          ; 0          ; 0          ; 0          ; 0          ; 0          ; 1          ;
; current.R10 ; 1           ; 0          ; 0          ; 0          ; 0          ; 0          ; 0          ; 0          ; 0          ; 1          ;
+-------------+-------------+------------+------------+------------+------------+------------+------------+------------+------------+------------+


+------------------------------------------------------------+
; Logic Cells Representing Combinational Loops               ;
+--------------------------------------------------------+---+
; Logic Cell Name                                        ;   ;
+--------------------------------------------------------+---+
; rtl~0                                                  ;   ;
; room_state_machine:r|room[3]~0                         ;   ;
; Number of logic cells representing combinational loops ; 2 ;
+--------------------------------------------------------+---+
Note: All cells listed above may not be present at the end of synthesis due to various synthesis optimizations.


+------------------------------------------------------------+
; Registers Removed During Synthesis                         ;
+---------------------------------------+--------------------+
; Register name                         ; Reason for Removal ;
+---------------------------------------+--------------------+
; amulet_state_machine:a|current~5      ; Lost fanout        ;
; shield_state_machine:sh|current~5     ; Lost fanout        ;
; gold_state_machine:g|current~5        ; Lost fanout        ;
; sword_state_machine:sw|current~5      ; Lost fanout        ;
; room_state_machine:r|current~4        ; Lost fanout        ;
; room_state_machine:r|current~5        ; Lost fanout        ;
; room_state_machine:r|current~6        ; Lost fanout        ;
; room_state_machine:r|current~7        ; Lost fanout        ;
; Total Number of Removed Registers = 8 ;                    ;
+---------------------------------------+--------------------+


+------------------------------------------------------+
; General Register Statistics                          ;
+----------------------------------------------+-------+
; Statistic                                    ; Value ;
+----------------------------------------------+-------+
; Total registers                              ; 14    ;
; Number of registers using Synchronous Clear  ; 0     ;
; Number of registers using Synchronous Load   ; 0     ;
; Number of registers using Asynchronous Clear ; 14    ;
; Number of registers using Asynchronous Load  ; 0     ;
; Number of registers using Clock Enable       ; 0     ;
; Number of registers using Preset             ; 0     ;
+----------------------------------------------+-------+


+-----------------------------------------------------+
; Post-Synthesis Netlist Statistics for Top Partition ;
+-----------------------+-----------------------------+
; Type                  ; Count                       ;
+-----------------------+-----------------------------+
; arriav_ff             ; 14                          ;
;     CLR               ; 14                          ;
; arriav_lcell_comb     ; 31                          ;
;     normal            ; 31                          ;
;         2 data inputs ; 4                           ;
;         3 data inputs ; 1                           ;
;         4 data inputs ; 7                           ;
;         5 data inputs ; 9                           ;
;         6 data inputs ; 10                          ;
; boundary_port         ; 8                           ;
;                       ;                             ;
; Max LUT depth         ; 5.00                        ;
; Average LUT depth     ; 3.83                        ;
+-----------------------+-----------------------------+


+-------------------------------+
; Elapsed Time Per Partition    ;
+----------------+--------------+
; Partition Name ; Elapsed Time ;
+----------------+--------------+
; Top            ; 00:00:00     ;
+----------------+--------------+


+-------------------------------+
; Analysis & Synthesis Messages ;
+-------------------------------+
Info: *******************************************************************
Info: Running Quartus Prime Analysis & Synthesis
    Info: Version 21.1.0 Build 842 10/21/2021 SJ Lite Edition
    Info: Processing started: Sat Apr 16 13:27:04 2022
Info: Command: quartus_map --read_settings_files=on --write_settings_files=off lab02_task2 -c lab02_task2
Warning (18236): Number of processors has not been specified which may cause overloading on shared machines.  Set the global assignment NUM_PARALLEL_PROCESSORS in your QSF to an appropriate value for best performance.
Info (20030): Parallel compilation is enabled and will use 8 of the 8 processors detected
Info (12021): Found 2 design units, including 1 entities, in source file lab02_task2.sv
    Info (12022): Found design unit 1: rooms (SystemVerilog) File: D:/ABC/ABC/lab02/task2/rooms.sv Line: 4
    Info (12023): Found entity 1: lab02_task2 File: D:/ABC/ABC/lab02/task2/lab02_task2.sv Line: 4
Info (12021): Found 1 design units, including 1 entities, in source file room.sv
    Info (12023): Found entity 1: room_state_machine File: D:/ABC/ABC/lab02/task2/room.sv Line: 4
Info (12021): Found 2 design units, including 1 entities, in source file sword.sv
    Info (12022): Found design unit 1: sword_states (SystemVerilog) File: D:/ABC/ABC/lab02/task2/sword_states.sv Line: 4
    Info (12023): Found entity 1: sword_state_machine File: D:/ABC/ABC/lab02/task2/sword.sv Line: 7
Info (12021): Found 2 design units, including 1 entities, in source file gold.sv
    Info (12022): Found design unit 1: gold_states (SystemVerilog) File: D:/ABC/ABC/lab02/task2/gold_states.sv Line: 4
    Info (12023): Found entity 1: gold_state_machine File: D:/ABC/ABC/lab02/task2/gold.sv Line: 7
Info (12021): Found 2 design units, including 1 entities, in source file shield.sv
    Info (12022): Found design unit 1: shield_states (SystemVerilog) File: D:/ABC/ABC/lab02/task2/shield_states.sv Line: 4
    Info (12023): Found entity 1: shield_state_machine File: D:/ABC/ABC/lab02/task2/shield.sv Line: 7
Info (12021): Found 2 design units, including 1 entities, in source file amulet.sv
    Info (12022): Found design unit 1: amulet_states (SystemVerilog) File: D:/ABC/ABC/lab02/task2/amulet_states.sv Line: 4
    Info (12023): Found entity 1: amulet_state_machine File: D:/ABC/ABC/lab02/task2/amulet.sv Line: 7
Info (12021): Found 0 design units, including 0 entities, in source file rooms.sv
Info (12021): Found 0 design units, including 0 entities, in source file sword_states.sv
Info (12021): Found 0 design units, including 0 entities, in source file gold_states.sv
Info (12021): Found 0 design units, including 0 entities, in source file amulet_states.sv
Info (12021): Found 0 design units, including 0 entities, in source file shield_states.sv
Info (12021): Found 1 design units, including 1 entities, in source file testbench.sv
    Info (12023): Found entity 1: testbench File: D:/ABC/ABC/lab02/task2/testbench.sv Line: 1
Info (12127): Elaborating entity "lab02_task2" for the top level hierarchy
Info (12128): Elaborating entity "room_state_machine" for hierarchy "room_state_machine:r" File: D:/ABC/ABC/lab02/task2/lab02_task2.sv Line: 12
Info (12128): Elaborating entity "sword_state_machine" for hierarchy "sword_state_machine:sw" File: D:/ABC/ABC/lab02/task2/lab02_task2.sv Line: 13
Info (12128): Elaborating entity "gold_state_machine" for hierarchy "gold_state_machine:g" File: D:/ABC/ABC/lab02/task2/lab02_task2.sv Line: 14
Info (12128): Elaborating entity "shield_state_machine" for hierarchy "shield_state_machine:sh" File: D:/ABC/ABC/lab02/task2/lab02_task2.sv Line: 15
Info (12128): Elaborating entity "amulet_state_machine" for hierarchy "amulet_state_machine:a" File: D:/ABC/ABC/lab02/task2/lab02_task2.sv Line: 16
Info (286030): Timing-Driven Synthesis is running
Info (17049): 8 registers lost all their fanouts during netlist optimizations.
Info (16010): Generating hard_block partition "hard_block:auto_generated_inst"
    Info (16011): Adding 0 node(s), including 0 DDIO, 0 PLL, 0 transceiver and 0 LCELL
Info (21057): Implemented 49 device resources after synthesis - the final resource count might be different
    Info (21058): Implemented 6 input pins
    Info (21059): Implemented 2 output pins
    Info (21061): Implemented 41 logic cells
Info (144001): Generated suppressed messages file D:/ABC/ABC/lab02/task2/output_files/lab02_task2.map.smsg
Info: Quartus Prime Analysis & Synthesis was successful. 0 errors, 1 warning
    Info: Peak virtual memory: 4870 megabytes
    Info: Processing ended: Sat Apr 16 13:27:15 2022
    Info: Elapsed time: 00:00:11
    Info: Total CPU time (on all processors): 00:00:26


+------------------------------------------+
; Analysis & Synthesis Suppressed Messages ;
+------------------------------------------+
The suppressed messages can be found in D:/ABC/ABC/lab02/task2/output_files/lab02_task2.map.smsg.


